0 info it worked if it ends with ok
1 verbose cli [ 'E:\\CR\\Rent-Cars\\web-ui-angular2\\src\\main\\web-ui\\node\\node.exe',
1 verbose cli   'E:\\CR\\Rent-Cars\\web-ui-angular2\\src\\main\\web-ui\\node\\node_modules\\npm\\bin\\npm-cli.js',
1 verbose cli   'install' ]
2 info using npm@4.0.3
3 info using node@v6.9.1
4 silly loadCurrentTree Starting
5 silly install loadCurrentTree
6 silly install readLocalPackageData
7 silly rollbackFailedOptional Starting
8 silly rollbackFailedOptional Finishing
9 silly runTopLevelLifecycles Finishing
10 silly install printInstalled
11 verbose stack Error: Failed to parse json
11 verbose stack Unexpected token '/' at 9:5
11 verbose stack     /*"test": "ng test",
11 verbose stack     ^
11 verbose stack     at parseError (E:\CR\Rent-Cars\web-ui-angular2\src\main\web-ui\node\node_modules\npm\node_modules\read-package-json\read-json.js:390:11)
11 verbose stack     at parseJson (E:\CR\Rent-Cars\web-ui-angular2\src\main\web-ui\node\node_modules\npm\node_modules\read-package-json\read-json.js:79:23)
11 verbose stack     at E:\CR\Rent-Cars\web-ui-angular2\src\main\web-ui\node\node_modules\npm\node_modules\read-package-json\read-json.js:48:5
11 verbose stack     at E:\CR\Rent-Cars\web-ui-angular2\src\main\web-ui\node\node_modules\npm\node_modules\graceful-fs\graceful-fs.js:78:16
11 verbose stack     at tryToString (fs.js:455:3)
11 verbose stack     at FSReqWrap.readFileAfterClose [as oncomplete] (fs.js:442:12)
12 verbose cwd E:\CR\Rent-Cars\web-ui-angular2\src\main\web-ui
13 error Windows_NT 6.1.7601
14 error argv "E:\\CR\\Rent-Cars\\web-ui-angular2\\src\\main\\web-ui\\node\\node.exe" "E:\\CR\\Rent-Cars\\web-ui-angular2\\src\\main\\web-ui\\node\\node_modules\\npm\\bin\\npm-cli.js" "install"
15 error node v6.9.1
16 error npm  v4.0.3
17 error file E:\CR\Rent-Cars\web-ui-angular2\src\main\web-ui\package.json
18 error code EJSONPARSE
19 error Failed to parse json
19 error Unexpected token '/' at 9:5
19 error     /*"test": "ng test",
19 error     ^
20 error File: E:\CR\Rent-Cars\web-ui-angular2\src\main\web-ui\package.json
21 error Failed to parse package.json data.
21 error package.json must be actual JSON, not just JavaScript.
21 error
21 error This is not a bug in npm.
21 error Tell the package author to fix their package.json file. JSON.parse
22 verbose exit [ 1, true ]
